<?xml version="1.0" encoding="UTF-8"?>
<testsuite name="com.thoughtworks.web.HelloControllerTest" tests="1" skipped="0" failures="0" errors="0" timestamp="2016-07-25T13:18:04" hostname="192.168.0.111" time="0.11">
  <properties/>
  <testcase name="shouldGetMessageFromHelloService" classname="com.thoughtworks.web.HelloControllerTest" time="0.11"/>
  <system-out><![CDATA[]]></system-out>
  <system-err><![CDATA[]]></system-err>
</testsuite>
